<?xml version="1.0" encoding="UTF-8"?>
<!-- Generated by org.testng.reporters.JUnitReportReporter -->
<testsuite hostname="payal-PC" name="model.autoitt" tests="1" failures="0" timestamp="29 Apr 2019 09:06:36 GMT" time="69.549" errors="0">
  <testcase name="uploadfile" time="69.549" classname="model.autoitt"/>
</testsuite> <!-- model.autoitt -->
